! Job execution by suborca V 9.12 !
Job started from xe32th1, running /csnfs/software/orca/orca_stable_directory/orca_stable_20210316/orca on xe30th20 in /usr/scratch/schiavo/crest__269270 (/bin/bash)
Job execution start: Wed Apr 14 10:59:57 CEST 2021
Shared library path: /csnfs/software/intel/impi/2018.4.274/lib64:/csnfs/software/orca/orca_stable_directory/orca_stable_20210316:/csnfs/software/orca/orca_current:/usr/scratch/schiavo/crest__269270/xtb/lib
SLURM Job ID is: 269270
SLURM_JOB_NODELIST: xe30th20
Expanded nodelist (1 nodes):
xe30th20
 
       ==============================================
       |                                            |
       |                 C R E S T                  |
       |                                            |
       |  Conformer-Rotamer Ensemble Sampling Tool  |
       |          based on the GFN methods          |
       |             P.Pracht, S.Grimme             |
       |          Universitaet Bonn, MCTC           |
       ==============================================
       Version 2.11, Tue 9. Feb 11:37:45 CEST 2021
  Using the xTB program. Compatible with xTB version 6.4.0
 
   Cite work conducted with this code as

   P. Pracht, F. Bohle, S. Grimme, PCCP, 2020, 22, 7169-7192.

   and  S. Grimme, JCTC, 2019, 15, 2847-2862.
 
   with help from:
   F.Bohle, S.Ehlert, S.Grimme, P.Pracht
 
   This program is distributed in the hope that it will be useful,
   but WITHOUT ANY WARRANTY; without even the implied warranty of
   MERCHANTABILITY or FITNESS FOR A PARTICULAR PURPOSE.

 Command line input:
 > /usr/scratch/schiavo/crest__269270/xtb/bin/crest biome_chr.xyz -gfn2 -ewin 2

  -gfn2 : Use of GFN2-xTB requested.
  -ewin 2
 
 -------------------------
 xTB Geometry Optimization
 -------------------------
 Geometry successfully optimized.
 
------------------------------------------------
Generating MTD length from a flexibility measure
------------------------------------------------
 Calculating WBOs... done.
 Calculating NCI flexibility... done.
     covalent flexibility measure :   0.421
 non-covalent flexibility measure :   0.766
 flexibility measure :   0.459
 t(MTD) / ps    :    10.0
 Σ(t(MTD)) / ps :   140.0 (14 MTDs)
 
-------------------------------------
Starting a trial MTD to test settings
-------------------------------------
 Estimated runtime for one MTD (10.0 ps) on a single thread: 55 sec
 Estimated runtime for a batch of 14 MTDs on 4 threads: 3 min 41 sec
 
 list of Vbias parameters applied:
$metadyn    0.00300   1.300
$metadyn    0.00150   1.300
$metadyn    0.00075   1.300
$metadyn    0.00300   0.780
$metadyn    0.00150   0.780
$metadyn    0.00075   0.780
$metadyn    0.00300   0.468
$metadyn    0.00150   0.468
$metadyn    0.00075   0.468
$metadyn    0.00300   0.281
$metadyn    0.00150   0.281
$metadyn    0.00075   0.281
$metadyn    0.00100   0.100
$metadyn    0.00500   0.800
 
*******************************************************************************************
**                        N E W    I T E R A T I O N    C Y C L E                        **
*******************************************************************************************
 
========================================
            MTD Iteration  1
========================================
 
     ========================================
     |         Meta-MD (MTD) Sampling       |
     ========================================
 
Starting Meta-MD   1 with the settings:
     MD time /ps        :    10.0
     dt /fs             :     5.0
     dumpstep(trj) /fs  :     100
     dumpstep(Vbias)/ps :     1.0
     Vbias factor k /Eh :  0.1020
     Vbias exp α /bohr⁻²:    1.30
Starting Meta-MD   2 with the settings:
     MD time /ps        :    10.0
     dt /fs             :     5.0
     dumpstep(trj) /fs  :     100
     dumpstep(Vbias)/ps :     1.0
     Vbias factor k /Eh :  0.0510
     Vbias exp α /bohr⁻²:    1.30
Starting Meta-MD   3 with the settings:
     MD time /ps        :    10.0
     dt /fs             :     5.0
     dumpstep(trj) /fs  :     100
     dumpstep(Vbias)/ps :     1.0
     Vbias factor k /Eh :  0.0255
     Vbias exp α /bohr⁻²:    1.30
Starting Meta-MD   4 with the settings:
     MD time /ps        :    10.0
     dt /fs             :     5.0
     dumpstep(trj) /fs  :     100
     dumpstep(Vbias)/ps :     1.0
     Vbias factor k /Eh :  0.1020
     Vbias exp α /bohr⁻²:    0.78
Starting Meta-MD   5 with the settings:
     MD time /ps        :    10.0
     dt /fs             :     5.0
     dumpstep(trj) /fs  :     100
     dumpstep(Vbias)/ps :     1.0
     Vbias factor k /Eh :  0.0510
     Vbias exp α /bohr⁻²:    0.78
Starting Meta-MD   6 with the settings:
     MD time /ps        :    10.0
     dt /fs             :     5.0
     dumpstep(trj) /fs  :     100
     dumpstep(Vbias)/ps :     1.0
     Vbias factor k /Eh :  0.0255
     Vbias exp α /bohr⁻²:    0.78
Starting Meta-MD   7 with the settings:
     MD time /ps        :    10.0
     dt /fs             :     5.0
     dumpstep(trj) /fs  :     100
     dumpstep(Vbias)/ps :     1.0
     Vbias factor k /Eh :  0.1020
     Vbias exp α /bohr⁻²:    0.47
Starting Meta-MD   8 with the settings:
     MD time /ps        :    10.0
     dt /fs             :     5.0
     dumpstep(trj) /fs  :     100
     dumpstep(Vbias)/ps :     1.0
     Vbias factor k /Eh :  0.0510
     Vbias exp α /bohr⁻²:    0.47
Starting Meta-MD   9 with the settings:
     MD time /ps        :    10.0
     dt /fs             :     5.0
     dumpstep(trj) /fs  :     100
     dumpstep(Vbias)/ps :     1.0
     Vbias factor k /Eh :  0.0255
     Vbias exp α /bohr⁻²:    0.47
Starting Meta-MD  10 with the settings:
     MD time /ps        :    10.0
     dt /fs             :     5.0
     dumpstep(trj) /fs  :     100
     dumpstep(Vbias)/ps :     1.0
     Vbias factor k /Eh :  0.1020
     Vbias exp α /bohr⁻²:    0.28
Starting Meta-MD  11 with the settings:
     MD time /ps        :    10.0
     dt /fs             :     5.0
     dumpstep(trj) /fs  :     100
     dumpstep(Vbias)/ps :     1.0
     Vbias factor k /Eh :  0.0510
     Vbias exp α /bohr⁻²:    0.28
Starting Meta-MD  12 with the settings:
     MD time /ps        :    10.0
     dt /fs             :     5.0
     dumpstep(trj) /fs  :     100
     dumpstep(Vbias)/ps :     1.0
     Vbias factor k /Eh :  0.0255
     Vbias exp α /bohr⁻²:    0.28
Starting Meta-MD  13 with the settings:
     MD time /ps        :    10.0
     dt /fs             :     5.0
     dumpstep(trj) /fs  :     100
     dumpstep(Vbias)/ps :     1.0
     Vbias factor k /Eh :  0.0340
     Vbias exp α /bohr⁻²:    0.10
Starting Meta-MD  14 with the settings:
     MD time /ps        :    10.0
     dt /fs             :     5.0
     dumpstep(trj) /fs  :     100
     dumpstep(Vbias)/ps :     1.0
     Vbias factor k /Eh :  0.1700
     Vbias exp α /bohr⁻²:    0.80
*Meta-MTD 13 finished*
*Meta-MTD 10 finished*
*Meta-MTD 1 finished*
*Meta-MTD 4 finished*
*Meta-MTD 7 finished*
*Meta-MTD 5 finished*
*Meta-MTD 11 finished*
*Meta-MTD 14 finished*
*Meta-MTD 9 finished*
*Meta-MTD 12 finished*
*Meta-MTD 6 finished*
*Meta-MTD 8 finished*
*Meta-MTD 2 finished*
*Meta-MTD 3 finished*
 
-----------------------
Multilevel Optimization
-----------------------
 
 -------------------------
 1. crude pre-optimization
 -------------------------
 Optimizing all 1386 structures from file "crest_rotamers_0.xyz" ...
 1 2 3 4 5 6 7 8 9 10 11 12 13 14 15 16 17 18 19 20 21 22 23 24 25 26 27 28 29 30 31 32 33 34 35 36 37 38 39 40 41 42 43 44 45 46 47 48 49 50 51 52 53 54 55 56 57 58 59 60 61 62 63 64 65 66 67 68 69 70 71 72 73 74 75 76 77 78 79 80 81 82 83 84 85 86 87 88 89 90 91 92 93 94 95 96 97 98 99 100 101 102 103 104 105 106 107 108 109 110 111 112 113 114 115 116 117 118 119 120 121 122 123 124 125 126 127 128 129 130 131 132 133 134 135 136 137 138 139 140 141 142 143 144 145 146 147 148 149 150 151 152 153 154 155 156 157 158 159 160 161 162 163 164 165 166 167 168 169 170 171 172 173 174 175 176 177 178 179 180 181 182 183 184 185 186 187 188 189 190 191 192 193 194 195 196 197 198 199 200 201 202 203 204 205 206 207 208 209 210 211 212 213 214 215 216 217 218 219 220 221 222 223 224 225 226 227 228 229 230 231 232 233 234 235 236 237 238 239 240 241 242 243 244 245 246 247 248 249 250 251 252 253 254 255 256 257 258 259 260 261 262 263 264 265 266 267 268 269 270 271 272 273 274 275 276 277 278 279 280 281 282 283 284 285 286 287 288 289 290 291 292 293 294 295 296 297 298 299 300 301 302 303 304 305 306 307 308 309 310 311 312 313 314 315 316 317 318 319 320 321 322 323 324 325 326 327 328 329 330 331 332 333 334 335 336 337 338 339 340 341 342 343 344 345 346 347 348 349 350 351 352 353 354 355 356 357 358 359 360 361 362 363 364 365 366 367 368 369 370 371 372 373 374 375 376 377 378 379 380 381 382 383 384 385 386 387 388 389 390 391 392 393 394 395 396 397 398 399 400 401 402 403 404 405 406 407 408 409 410 411 412 413 414 415 416 417 418 419 420 421 422 423 424 425 426 427 428 429 430 431 432 433 434 435 436 437 438 439 440 441 442 443 444 445 446 447 448 449 450 451 452 453 454 455 456 457 458 459 460 461 462 463 464 465 466 467 468 469 470 471 472 473 474 475 476 477 478 479 480 481 482 483 484 485 486 487 488 489 490 491 492 493 494 495 496 497 498 499 500 501 502 503 504 505 506 507 508 509 510 511 512 513 514 515 516 517 518 519 520 521 522 523 524 525 526 527 528 529 530 531 532 533 534 535 536 537 538 539 540 541 542 543 544 545 546 547 548 549 550 551 552 553 554 555 556 557 558 559 560 561 562 563 564 565 566 567 568 569 570 571 572 573 574 575 576 577 578 579 580 581 582 583 584 585 586 587 588 589 590 591 592 593 594 595 596 597 598 599 600 601 602 603 604 605 606 607 608 609 610 611 612 613 614 615 616 617 618 619 620 621 622 623 624 625 626 627 628 629 630 631 632 633 634 635 636 637 638 639 640 641 642 643 644 645 646 647 648 649 650 651 652 653 654 655 656 657 658 659 660 661 662 663 664 665 666 667 668 669 670 671 672 673 674 675 676 677 678 679 680 681 682 683 684 685 686 687 688 689 690 691 692 693 694 695 696 697 698 699 700 701 702 703 704 705 706 707 708 709 710 711 712 713 714 715 716 717 718 719 720 721 722 723 724 725 726 727 728 729 730 731 732 733 734 735 736 737 738 739 740 741 742 743 744 745 746 747 748 749 750 751 752 753 754 755 756 757 758 759 760 761 762 763 764 765 766 767 768 769 770 771 772 773 774 775 776 777 778 779 780 781 782 783 784 785 786 787 788 789 790 791 792 793 794 795 796 797 798 799 800 801 802 803 804 805 806 807 808 809 810 811 812 813 814 815 816 817 818 819 820 821 822 823 824 825 826 827 828 829 830 831 832 833 834 835 836 837 838 839 840 841 842 843 844 845 846 847 848 849 850 851 852 853 854 855 856 857 858 859 860 861 862 863 864 865 866 867 868 869 870 871 872 873 874 875 876 877 878 879 880 881 882 883 884 885 886 887 888 889 890 891 892 893 894 895 896 897 898 899 900 901 902 903 904 905 906 907 908 909 910 911 912 913 914 915 916 917 918 919 920 921 922 923 924 925 926 927 928 929 930 931 932 933 934 935 936 937 938 939 940 941 942 943 944 945 946 947 948 949 950 951 952 953 954 955 956 957 958 959 960 961 962 963 964 965 966 967 968 969 970 971 972 973 974 975 976 977 978 979 980 981 982 983 984 985 986 987 988 989 990 991 992 993 994 995 996 997 998 999 1000 1001 1002 1003 1004 1005 1006 1007 1008 1009 1010 1011 1012 1013 1014 1015 1016 1017 1018 1019 1020 1021 1022 1023 1024 1025 1026 1027 1028 1029 1030 1031 1032 1033 1034 1035 1036 1037 1038 1039 1040 1041 1042 1043 1044 1045 1046 1047 1048 1049 1050 1051 1052 1053 1054 1055 1056 1057 1058 1059 1060 1061 1062 1063 1064 1065 1066 1067 1068 1069 1070 1071 1072 1073 1074 1075 1076 1077 1078 1079 1080 1081 1082 1083 1084 1085 1086 1087 1088 1089 1090 1091 1092 1093 1094 1095 1096 1097 1098 1099 1100 1101 1102 1103 1104 1105 1106 1107 1108 1109 1110 1111 1112 1113 1114 1115 1116 1117 1118 1119 1120 1121 1122 1123 1124 1125 1126 1127 1128 1129 1130 1131 1132 1133 1134 1135 1136 1137 1138 1139 1140 1141 1142 1143 1144 1145 1146 1147 1148 1149 1150 1151 1152 1153 1154 1155 1156 1157 1158 1159 1160 1161 1162 1163 1164 1165 1166 1167 1168 1169 1170 1171 1172 1173 1174 1175 1176 1177 1178 1179 1180 1181 1182 1183 1184 1185 1186 1187 1188 1189 1190 1191 1192 1193 1194 1195 1196 1197 1198 1199 1200 1201 1202 1203 1204 1205 1206 1207 1208 1209 1210 1211 1212 1213 1214 1215 1216 1217 1218 1219 1220 1221 1222 1223 1224 1225 1226 1227 1228 1229 1230 1231 1232 1233 1234 1235 1236 1237 1238 1239 1240 1241 1242 1243 1244 1245 1246 1247 1248 1249 1250 1251 1252 1253 1254 1255 1256 1257 1258 1259 1260 1261 1262 1263 1264 1265 1266 1267 1268 1269 1270 1271 1272 1273 1274 1275 1276 1277 1278 1279 1280 1281 1282 1283 1284 1285 1286 1287 1288 1289 1290 1291 1292 1293 1294 1295 1296 1297 1298 1299 1300 1301 1302 1303 1304 1305 1306 1307 1308 1309 1310 1311 1312 1313 1314 1315 1316 1317 1318 1319 1320 1321 1322 1323 1324 1325 1326 1327 1328 1329 1330 1331 1332 1333 1334 1335 1336 1337 1338 1339 1340 1341 1342 1343 1344 1345 1346 1347 1348 1349 1350 1351 1352 1353 1354 1355 1356 1357 1358 1359 1360 1361 1362 1363 1364 1365 1366 1367 1368 1369 1370 1371 1372 1373 1374 1375 1376 1377 1378 1379 1380 1381 1382 1383 1384 1385 1386
 done.
 running RMSDs...
 done.
 E lowest :   -44.55993
 284 structures remain within     4.00 kcal/mol window
 
 -------------------------------------
 2. optimization with tight thresholds
 -------------------------------------
 Optimizing all 285 structures from file "crest_rotamers_1.xyz" ...
 1 2 3 4 5 6 7 8 9 10 11 12 13 14 15 16 17 18 19 20 21 22 23 24 25 26 27 28 29 30 31 32 33 34 35 36 37 38 39 40 41 42 43 44 45 46 47 48 49 50 51 52 53 54 55 56 57 58 59 60 61 62 63 64 65 66 67 68 69 70 71 72 73 74 75 76 77 78 79 80 81 82 83 84 85 86 87 88 89 90 91 92 93 94 95 96 97 98 99 100 101 102 103 104 105 106 107 108 109 110 111 112 113 114 115 116 117 118 119 120 121 122 123 124 125 126 127 128 129 130 131 132 133 134 135 136 137 138 139 140 141 142 143 144 145 146 147 148 149 150 151 152 153 154 155 156 157 158 159 160 161 162 163 164 165 166 167 168 169 170 171 172 173 174 175 176 177 178 179 180 181 182 183 184 185 186 187 188 189 190 191 192 193 194 195 196 197 198 199 200 201 202 203 204 205 206 207 208 209 210 211 212 213 214 215 216 217 218 219 220 221 222 223 224 225 226 227 228 229 230 231 232 233 234 235 236 237 238 239 240 241 242 243 244 245 246 247 248 249 250 251 252 253 254 255 256 257 258 259 260 261 262 263 264 265 266 267 268 269 270 271 272 273 274 275 276 277 278 279 280 281 282 283 284 285
 done.
 running RMSDs...
 done.
 E lowest :   -44.56179
 239 structures remain within     2.00 kcal/mol window
 
 
========================================
            MTD Iteration  2
========================================
 
     ========================================
     |         Meta-MD (MTD) Sampling       |
     ========================================
 
Starting Meta-MD   1 with the settings:
     MD time /ps        :    10.0
     dt /fs             :     5.0
     dumpstep(trj) /fs  :     100
     dumpstep(Vbias)/ps :     1.0
     Vbias factor k /Eh :  0.1020
     Vbias exp α /bohr⁻²:    1.30
Starting Meta-MD   2 with the settings:
     MD time /ps        :    10.0
     dt /fs             :     5.0
     dumpstep(trj) /fs  :     100
     dumpstep(Vbias)/ps :     1.0
     Vbias factor k /Eh :  0.0510
     Vbias exp α /bohr⁻²:    1.30
Starting Meta-MD   3 with the settings:
     MD time /ps        :    10.0
     dt /fs             :     5.0
     dumpstep(trj) /fs  :     100
     dumpstep(Vbias)/ps :     1.0
     Vbias factor k /Eh :  0.0255
     Vbias exp α /bohr⁻²:    1.30
Starting Meta-MD   4 with the settings:
     MD time /ps        :    10.0
     dt /fs             :     5.0
     dumpstep(trj) /fs  :     100
     dumpstep(Vbias)/ps :     1.0
     Vbias factor k /Eh :  0.1020
     Vbias exp α /bohr⁻²:    0.78
Starting Meta-MD   5 with the settings:
     MD time /ps        :    10.0
     dt /fs             :     5.0
     dumpstep(trj) /fs  :     100
     dumpstep(Vbias)/ps :     1.0
     Vbias factor k /Eh :  0.0510
     Vbias exp α /bohr⁻²:    0.78
Starting Meta-MD   6 with the settings:
     MD time /ps        :    10.0
     dt /fs             :     5.0
     dumpstep(trj) /fs  :     100
     dumpstep(Vbias)/ps :     1.0
     Vbias factor k /Eh :  0.0255
     Vbias exp α /bohr⁻²:    0.78
Starting Meta-MD   7 with the settings:
     MD time /ps        :    10.0
     dt /fs             :     5.0
     dumpstep(trj) /fs  :     100
     dumpstep(Vbias)/ps :     1.0
     Vbias factor k /Eh :  0.1020
     Vbias exp α /bohr⁻²:    0.47
Starting Meta-MD   8 with the settings:
     MD time /ps        :    10.0
     dt /fs             :     5.0
     dumpstep(trj) /fs  :     100
     dumpstep(Vbias)/ps :     1.0
     Vbias factor k /Eh :  0.0510
     Vbias exp α /bohr⁻²:    0.47
Starting Meta-MD   9 with the settings:
     MD time /ps        :    10.0
     dt /fs             :     5.0
     dumpstep(trj) /fs  :     100
     dumpstep(Vbias)/ps :     1.0
     Vbias factor k /Eh :  0.0255
     Vbias exp α /bohr⁻²:    0.47
Starting Meta-MD  10 with the settings:
     MD time /ps        :    10.0
     dt /fs             :     5.0
     dumpstep(trj) /fs  :     100
     dumpstep(Vbias)/ps :     1.0
     Vbias factor k /Eh :  0.1020
     Vbias exp α /bohr⁻²:    0.28
Starting Meta-MD  11 with the settings:
     MD time /ps        :    10.0
     dt /fs             :     5.0
     dumpstep(trj) /fs  :     100
     dumpstep(Vbias)/ps :     1.0
     Vbias factor k /Eh :  0.0510
     Vbias exp α /bohr⁻²:    0.28
Starting Meta-MD  12 with the settings:
     MD time /ps        :    10.0
     dt /fs             :     5.0
     dumpstep(trj) /fs  :     100
     dumpstep(Vbias)/ps :     1.0
     Vbias factor k /Eh :  0.0255
     Vbias exp α /bohr⁻²:    0.28
*Meta-MTD 10 finished*
*Meta-MTD 11 finished*
*Meta-MTD 8 finished*
*Meta-MTD 12 finished*
*Meta-MTD 5 finished*
*Meta-MTD 1 finished*
*Meta-MTD 4 finished*
*Meta-MTD 7 finished*
*Meta-MTD 9 finished*
*Meta-MTD 6 finished*
*Meta-MTD 2 finished*
*Meta-MTD 3 finished*
 
-----------------------
Multilevel Optimization
-----------------------
 
 -------------------------
 1. crude pre-optimization
 -------------------------
 Optimizing all 1188 structures from file "crest_rotamers_0.xyz" ...
 1 2 3 4 5 6 7 8 9 10 11 12 13 14 15 16 17 18 19 20 21 22 23 24 25 26 27 28 29 30 31 32 33 34 35 36 37 38 39 40 41 42 43 44 45 46 47 48 49 50 51 52 53 54 55 56 57 58 59 60 61 62 63 64 65 66 67 68 69 70 71 72 73 74 75 76 77 78 79 80 81 82 83 84 85 86 87 88 89 90 91 92 93 94 95 96 97 98 99 100 101 102 103 104 105 106 107 108 109 110 111 112 113 114 115 116 117 118 119 120 121 122 123 124 125 126 127 128 129 130 131 132 133 134 135 136 137 138 139 140 141 142 143 144 145 146 147 148 149 150 151 152 153 154 155 156 157 158 159 160 161 162 163 164 165 166 167 168 169 170 171 172 173 174 175 176 177 178 179 180 181 182 183 184 185 186 187 188 189 190 191 192 193 194 195 196 197 198 199 200 201 202 203 204 205 206 207 208 209 210 211 212 213 214 215 216 217 218 219 220 221 222 223 224 225 226 227 228 229 230 231 232 233 234 235 236 237 238 239 240 241 242 243 244 245 246 247 248 249 250 251 252 253 254 255 256 257 258 259 260 261 262 263 264 265 266 267 268 269 270 271 272 273 274 275 276 277 278 279 280 281 282 283 284 285 286 287 288 289 290 291 292 293 294 295 296 297 298 299 300 301 302 303 304 305 306 307 308 309 310 311 312 313 314 315 316 317 318 319 320 321 322 323 324 325 326 327 328 329 330 331 332 333 334 335 336 337 338 339 340 341 342 343 344 345 346 347 348 349 350 351 352 353 354 355 356 357 358 359 360 361 362 363 364 365 366 367 368 369 370 371 372 373 374 375 376 377 378 379 380 381 382 383 384 385 386 387 388 389 390 391 392 393 394 395 396 397 398 399 400 401 402 403 404 405 406 407 408 409 410 411 412 413 414 415 416 417 418 419 420 421 422 423 424 425 426 427 428 429 430 431 432 433 434 435 436 437 438 439 440 441 442 443 444 445 446 447 448 449 450 451 452 453 454 455 456 457 458 459 460 461 462 463 464 465 466 467 468 469 470 471 472 473 474 475 476 477 478 479 480 481 482 483 484 485 486 487 488 489 490 491 492 493 494 495 496 497 498 499 500 501 502 503 504 505 506 507 508 509 510 511 512 513 514 515 516 517 518 519 520 521 522 523 524 525 526 527 528 529 530 531 532 533 534 535 536 537 538 539 540 541 542 543 544 545 546 547 548 549 550 551 552 553 554 555 556 557 558 559 560 561 562 563 564 565 566 567 568 569 570 571 572 573 574 575 576 577 578 579 580 581 582 583 584 585 586 587 588 589 590 591 592 593 594 595 596 597 598 599 600 601 602 603 604 605 606 607 608 609 610 611 612 613 614 615 616 617 618 619 620 621 622 623 624 625 626 627 628 629 630 631 632 633 634 635 636 637 638 639 640 641 642 643 644 645 646 647 648 649 650 651 652 653 654 655 656 657 658 659 660 661 662 663 664 665 666 667 668 669 670 671 672 673 674 675 676 677 678 679 680 681 682 683 684 685 686 687 688 689 690 691 692 693 694 695 696 697 698 699 700 701 702 703 704 705 706 707 708 709 710 711 712 713 714 715 716 717 718 719 720 721 722 723 724 725 726 727 728 729 730 731 732 733 734 735 736 737 738 739 740 741 742 743 744 745 746 747 748 749 750 751 752 753 754 755 756 757 758 759 760 761 762 763 764 765 766 767 768 769 770 771 772 773 774 775 776 777 778 779 780 781 782 783 784 785 786 787 788 789 790 791 792 793 794 795 796 797 798 799 800 801 802 803 804 805 806 807 808 809 810 811 812 813 814 815 816 817 818 819 820 821 822 823 824 825 826 827 828 829 830 831 832 833 834 835 836 837 838 839 840 841 842 843 844 845 846 847 848 849 850 851 852 853 854 855 856 857 858 859 860 861 862 863 864 865 866 867 868 869 870 871 872 873 874 875 876 877 878 879 880 881 882 883 884 885 886 887 888 889 890 891 892 893 894 895 896 897 898 899 900 901 902 903 904 905 906 907 908 909 910 911 912 913 914 915 916 917 918 919 920 921 922 923 924 925 926 927 928 929 930 931 932 933 934 935 936 937 938 939 940 941 942 943 944 945 946 947 948 949 950 951 952 953 954 955 956 957 958 959 960 961 962 963 964 965 966 967 968 969 970 971 972 973 974 975 976 977 978 979 980 981 982 983 984 985 986 987 988 989 990 991 992 993 994 995 996 997 998 999 1000 1001 1002 1003 1004 1005 1006 1007 1008 1009 1010 1011 1012 1013 1014 1015 1016 1017 1018 1019 1020 1021 1022 1023 1024 1025 1026 1027 1028 1029 1030 1031 1032 1033 1034 1035 1036 1037 1038 1039 1040 1041 1042 1043 1044 1045 1046 1047 1048 1049 1050 1051 1052 1053 1054 1055 1056 1057 1058 1059 1060 1061 1062 1063 1064 1065 1066 1067 1068 1069 1070 1071 1072 1073 1074 1075 1076 1077 1078 1079 1080 1081 1082 1083 1084 1085 1086 1087 1088 1089 1090 1091 1092 1093 1094 1095 1096 1097 1098 1099 1100 1101 1102 1103 1104 1105 1106 1107 1108 1109 1110 1111 1112 1113 1114 1115 1116 1117 1118 1119 1120 1121 1122 1123 1124 1125 1126 1127 1128 1129 1130 1131 1132 1133 1134 1135 1136 1137 1138 1139 1140 1141 1142 1143 1144 1145 1146 1147 1148 1149 1150 1151 1152 1153 1154 1155 1156 1157 1158 1159 1160 1161 1162 1163 1164 1165 1166 1167 1168 1169 1170 1171 1172 1173 1174 1175 1176 1177 1178 1179 1180 1181 1182 1183 1184 1185 1186 1187 1188
 done.
 running RMSDs...
 done.
 E lowest :   -44.56037
 300 structures remain within     4.00 kcal/mol window
 
 -------------------------------------
 2. optimization with tight thresholds
 -------------------------------------
 Optimizing all 301 structures from file "crest_rotamers_1.xyz" ...
 1 2 3 4 5 6 7 8 9 10 11 12 13 14 15 16 17 18 19 20 21 22 23 24 25 26 27 28 29 30 31 32 33 34 35 36 37 38 39 40 41 42 43 44 45 46 47 48 49 50 51 52 53 54 55 56 57 58 59 60 61 62 63 64 65 66 67 68 69 70 71 72 73 74 75 76 77 78 79 80 81 82 83 84 85 86 87 88 89 90 91 92 93 94 95 96 97 98 99 100 101 102 103 104 105 106 107 108 109 110 111 112 113 114 115 116 117 118 119 120 121 122 123 124 125 126 127 128 129 130 131 132 133 134 135 136 137 138 139 140 141 142 143 144 145 146 147 148 149 150 151 152 153 154 155 156 157 158 159 160 161 162 163 164 165 166 167 168 169 170 171 172 173 174 175 176 177 178 179 180 181 182 183 184 185 186 187 188 189 190 191 192 193 194 195 196 197 198 199 200 201 202 203 204 205 206 207 208 209 210 211 212 213 214 215 216 217 218 219 220 221 222 223 224 225 226 227 228 229 230 231 232 233 234 235 236 237 238 239 240 241 242 243 244 245 246 247 248 249 250 251 252 253 254 255 256 257 258 259 260 261 262 263 264 265 266 267 268 269 270 271 272 273 274 275 276 277 278 279 280 281 282 283 284 285 286 287 288 289 290 291 292 293 294 295 296 297 298 299 300 301
 done.
 running RMSDs...
 done.
 E lowest :   -44.56179
 264 structures remain within     2.00 kcal/mol window
 
========================================
            MTD Iterations done         
========================================
 Collecting ensmbles.
 running RMSDs...
 done.
 E lowest :   -44.56179
 500 structures remain within     2.00 kcal/mol window
 
-----------------------------------------------
Additional regular MDs on lowest 4 conformer(s)
-----------------------------------------------
Starting MD   1 with the settings:
     MD time /ps        :     5.0
     MD Temperature /K  :   400.0
     dt /fs             :     5.0
     dumpstep(trj) /fs  :     100
Starting MD   2 with the settings:
     MD time /ps        :     5.0
     MD Temperature /K  :   500.0
     dt /fs             :     5.0
     dumpstep(trj) /fs  :     100
Starting MD   3 with the settings:
     MD time /ps        :     5.0
     MD Temperature /K  :   400.0
     dt /fs             :     5.0
     dumpstep(trj) /fs  :     100
Starting MD   4 with the settings:
     MD time /ps        :     5.0
     MD Temperature /K  :   500.0
     dt /fs             :     5.0
     dumpstep(trj) /fs  :     100
Starting MD   5 with the settings:
     MD time /ps        :     5.0
     MD Temperature /K  :   400.0
     dt /fs             :     5.0
     dumpstep(trj) /fs  :     100
Starting MD   6 with the settings:
     MD time /ps        :     5.0
     MD Temperature /K  :   500.0
     dt /fs             :     5.0
     dumpstep(trj) /fs  :     100
Starting MD   7 with the settings:
     MD time /ps        :     5.0
     MD Temperature /K  :   400.0
     dt /fs             :     5.0
     dumpstep(trj) /fs  :     100
Starting MD   8 with the settings:
     MD time /ps        :     5.0
     MD Temperature /K  :   500.0
     dt /fs             :     5.0
     dumpstep(trj) /fs  :     100
*MD 8 finished*
*MD 3 finished*
*MD 2 finished*
*MD 6 finished*
*MD 4 finished*
*MD 1 finished*
*MD 5 finished*
*MD 7 finished*
 Appending file crest_rotamers_1.xyz with new structures
 
 -------------------------------------------
 Ensemble optimization with tight thresholds
 -------------------------------------------
 Optimizing all 892 structures from file "crest_rotamers_1.xyz" ...
 1 2 3 4 5 6 7 8 9 10 11 12 13 14 15 16 17 18 19 20 21 22 23 24 25 26 27 28 29 30 31 32 33 34 35 36 37 38 39 40 41 42 43 44 45 46 47 48 49 50 51 52 53 54 55 56 57 58 59 60 61 62 63 64 65 66 67 68 69 70 71 72 73 74 75 76 77 78 79 80 81 82 83 84 85 86 87 88 89 90 91 92 93 94 95 96 97 98 99 100 101 102 103 104 105 106 107 108 109 110 111 112 113 114 115 116 117 118 119 120 121 122 123 124 125 126 127 128 129 130 131 132 133 134 135 136 137 138 139 140 141 142 143 144 145 146 147 148 149 150 151 152 153 154 155 156 157 158 159 160 161 162 163 164 165 166 167 168 169 170 171 172 173 174 175 176 177 178 179 180 181 182 183 184 185 186 187 188 189 190 191 192 193 194 195 196 197 198 199 200 201 202 203 204 205 206 207 208 209 210 211 212 213 214 215 216 217 218 219 220 221 222 223 224 225 226 227 228 229 230 231 232 233 234 235 236 237 238 239 240 241 242 243 244 245 246 247 248 249 250 251 252 253 254 255 256 257 258 259 260 261 262 263 264 265 266 267 268 269 270 271 272 273 274 275 276 277 278 279 280 281 282 283 284 285 286 287 288 289 290 291 292 293 294 295 296 297 298 299 300 301 302 303 304 305 306 307 308 309 310 311 312 313 314 315 316 317 318 319 320 321 322 323 324 325 326 327 328 329 330 331 332 333 334 335 336 337 338 339 340 341 342 343 344 345 346 347 348 349 350 351 352 353 354 355 356 357 358 359 360 361 362 363 364 365 366 367 368 369 370 371 372 373 374 375 376 377 378 379 380 381 382 383 384 385 386 387 388 389 390 391 392 393 394 395 396 397 398 399 400 401 402 403 404 405 406 407 408 409 410 411 412 413 414 415 416 417 418 419 420 421 422 423 424 425 426 427 428 429 430 431 432 433 434 435 436 437 438 439 440 441 442 443 444 445 446 447 448 449 450 451 452 453 454 455 456 457 458 459 460 461 462 463 464 465 466 467 468 469 470 471 472 473 474 475 476 477 478 479 480 481 482 483 484 485 486 487 488 489 490 491 492 493 494 495 496 497 498 499 500 501 502 503 504 505 506 507 508 509 510 511 512 513 514 515 516 517 518 519 520 521 522 523 524 525 526 527 528 529 530 531 532 533 534 535 536 537 538 539 540 541 542 543 544 545 546 547 548 549 550 551 552 553 554 555 556 557 558 559 560 561 562 563 564 565 566 567 568 569 570 571 572 573 574 575 576 577 578 579 580 581 582 583 584 585 586 587 588 589 590 591 592 593 594 595 596 597 598 599 600 601 602 603 604 605 606 607 608 609 610 611 612 613 614 615 616 617 618 619 620 621 622 623 624 625 626 627 628 629 630 631 632 633 634 635 636 637 638 639 640 641 642 643 644 645 646 647 648 649 650 651 652 653 654 655 656 657 658 659 660 661 662 663 664 665 666 667 668 669 670 671 672 673 674 675 676 677 678 679 680 681 682 683 684 685 686 687 688 689 690 691 692 693 694 695 696 697 698 699 700 701 702 703 704 705 706 707 708 709 710 711 712 713 714 715 716 717 718 719 720 721 722 723 724 725 726 727 728 729 730 731 732 733 734 735 736 737 738 739 740 741 742 743 744 745 746 747 748 749 750 751 752 753 754 755 756 757 758 759 760 761 762 763 764 765 766 767 768 769 770 771 772 773 774 775 776 777 778 779 780 781 782 783 784 785 786 787 788 789 790 791 792 793 794 795 796 797 798 799 800 801 802 803 804 805 806 807 808 809 810 811 812 813 814 815 816 817 818 819 820 821 822 823 824 825 826 827 828 829 830 831 832 833 834 835 836 837 838 839 840 841 842 843 844 845 846 847 848 849 850 851 852 853 854 855 856 857 858 859 860 861 862 863 864 865 866 867 868 869 870 871 872 873 874 875 876 877 878 879 880 881 882 883 884 885 886 887 888 889 890 891 892
 done.
 running RMSDs...
 done.
 E lowest :   -44.56179
 762 structures remain within     2.00 kcal/mol window
 
 
     ========================================
     |        Structure Crossing (GC)       |
     ========================================
 input  file name : crest_rotamers_3.xyz
number of atoms                :    34
number of points on xyz files  :   762
conformer energy window  /kcal :    2.00
CN per atom difference cut-off :  0.3000
RMSD threshold                 :  0.2500
max. # of generated structures : 500
 reading xyz file ...
 # in E window                762
 generating pairs ...      290702
   6.3 % done
  18.9 % done
  28.6 % done
  49.1 % done
  62.7 % done
  79.7 % done
  89.6 % done
 generated pairs           :           2
 number of clash discarded :      289939
 average rmsd w.r.t input  : 0.34887
 sd of ensemble            : 0.07051
 number of new structures      :           1
 removed identical structures  :           1
 writing            1  TMPCONF* dirs ...
 --------------------------
 GC: loose pre-optimization
 --------------------------
 Starting optimization of generated structures
 1 jobs to do.
 1 
 done.
 Now appending opt.xyz file with new structures
 running RMSDs...
 done.
 E lowest :   -44.56168
 1 structures remain within     3.00 kcal/mol window
 --------------------------------------
 GC: optimization with tight thresholds
 --------------------------------------
 Optimizing all 1 structures from file "crest_rotamers_1.xyz" ...
 1
 done.
 running RMSDs...
 done.
 E lowest :   -44.56179
 
 
   ================================================
   |           Final Geometry Optimization        |
   ================================================
 ------------------------------------------------
 Ensemble optimization with very tight thresholds
 ------------------------------------------------
 Optimizing all 762 structures from file "crest_rotamers_4.xyz" ...
 1 2 3 4 5 6 7 8 9 10 11 12 13 14 15 16 17 18 19 20 21 22 23 24 25 26 27 28 29 30 31 32 33 34 35 36 37 38 39 40 41 42 43 44 45 46 47 48 49 50 51 52 53 54 55 56 57 58 59 60 61 62 63 64 65 66 67 68 69 70 71 72 73 74 75 76 77 78 79 80 81 82 83 84 85 86 87 88 89 90 91 92 93 94 95 96 97 98 99 100 101 102 103 104 105 106 107 108 109 110 111 112 113 114 115 116 117 118 119 120 121 122 123 124 125 126 127 128 129 130 131 132 133 134 135 136 137 138 139 140 141 142 143 144 145 146 147 148 149 150 151 152 153 154 155 156 157 158 159 160 161 162 163 164 165 166 167 168 169 170 171 172 173 174 175 176 177 178 179 180 181 182 183 184 185 186 187 188 189 190 191 192 193 194 195 196 197 198 199 200 201 202 203 204 205 206 207 208 209 210 211 212 213 214 215 216 217 218 219 220 221 222 223 224 225 226 227 228 229 230 231 232 233 234 235 236 237 238 239 240 241 242 243 244 245 246 247 248 249 250 251 252 253 254 255 256 257 258 259 260 261 262 263 264 265 266 267 268 269 270 271 272 273 274 275 276 277 278 279 280 281 282 283 284 285 286 287 288 289 290 291 292 293 294 295 296 297 298 299 300 301 302 303 304 305 306 307 308 309 310 311 312 313 314 315 316 317 318 319 320 321 322 323 324 325 326 327 328 329 330 331 332 333 334 335 336 337 338 339 340 341 342 343 344 345 346 347 348 349 350 351 352 353 354 355 356 357 358 359 360 361 362 363 364 365 366 367 368 369 370 371 372 373 374 375 376 377 378 379 380 381 382 383 384 385 386 387 388 389 390 391 392 393 394 395 396 397 398 399 400 401 402 403 404 405 406 407 408 409 410 411 412 413 414 415 416 417 418 419 420 421 422 423 424 425 426 427 428 429 430 431 432 433 434 435 436 437 438 439 440 441 442 443 444 445 446 447 448 449 450 451 452 453 454 455 456 457 458 459 460 461 462 463 464 465 466 467 468 469 470 471 472 473 474 475 476 477 478 479 480 481 482 483 484 485 486 487 488 489 490 491 492 493 494 495 496 497 498 499 500 501 502 503 504 505 506 507 508 509 510 511 512 513 514 515 516 517 518 519 520 521 522 523 524 525 526 527 528 529 530 531 532 533 534 535 536 537 538 539 540 541 542 543 544 545 546 547 548 549 550 551 552 553 554 555 556 557 558 559 560 561 562 563 564 565 566 567 568 569 570 571 572 573 574 575 576 577 578 579 580 581 582 583 584 585 586 587 588 589 590 591 592 593 594 595 596 597 598 599 600 601 602 603 604 605 606 607 608 609 610 611 612 613 614 615 616 617 618 619 620 621 622 623 624 625 626 627 628 629 630 631 632 633 634 635 636 637 638 639 640 641 642 643 644 645 646 647 648 649 650 651 652 653 654 655 656 657 658 659 660 661 662 663 664 665 666 667 668 669 670 671 672 673 674 675 676 677 678 679 680 681 682 683 684 685 686 687 688 689 690 691 692 693 694 695 696 697 698 699 700 701 702 703 704 705 706 707 708 709 710 711 712 713 714 715 716 717 718 719 720 721 722 723 724 725 726 727 728 729 730 731 732 733 734 735 736 737 738 739 740 741 742 743 744 745 746 747 748 749 750 751 752 753 754 755 756 757 758 759 760 761 762
 done.
 running RMSDs...
 done.
 E lowest :   -44.56179
 736 structures remain within     2.00 kcal/mol window
 
 input  file name : crest_rotamers_5.xyz
 output file name : crest_rotamers_6.xyz
 number of atoms                :   34
 number of points on xyz files  :   762
 RMSD threshold                 :   0.1250
 Bconst threshold               :   0.0100
 population threshold           :   0.0500
 conformer energy window  /kcal :   2.0000
 # fragment in coord            :     2
 # bonds in reference structure :    33
 number of reliable points      :   762
 reference state Etot :  -44.5617865100000
 number of doubles removed by rot/RMSD         :          26
 total number unique points considered further :         736
       Erel/kcal        Etot weight/tot  conformer     set   degen     origin
       1   0.000   -44.56179    0.00294    0.32381       1     111     mtd3
       2   0.000   -44.56179    0.00294                                mtd6
       3   0.000   -44.56179    0.00294                                mtd8
       4   0.000   -44.56179    0.00294                                md3
       5   0.000   -44.56179    0.00294                                md2
       6   0.000   -44.56179    0.00294                                mtd7
       7   0.000   -44.56179    0.00294                                mtd7
       8   0.000   -44.56179    0.00294                                mtd1
       9   0.000   -44.56179    0.00294                                mtd2
      10   0.000   -44.56179    0.00294                                mtd9
      11   0.000   -44.56179    0.00293                                mtd8
      12   0.000   -44.56179    0.00293                                mtd5
      13   0.000   -44.56179    0.00293                                mtd1
      14   0.000   -44.56179    0.00293                                mtd5
      15   0.000   -44.56179    0.00293                                md6
      16   0.001   -44.56179    0.00293                                mtd12
      17   0.001   -44.56179    0.00293                                mtd3
      18   0.001   -44.56179    0.00293                                mtd9
      19   0.001   -44.56179    0.00293                                mtd3
      20   0.001   -44.56179    0.00293                                mtd9
      21   0.001   -44.56179    0.00293                                mtd3
      22   0.001   -44.56179    0.00293                                md3
      23   0.001   -44.56179    0.00293                                md5
      24   0.001   -44.56179    0.00293                                md1
      25   0.001   -44.56179    0.00293                                mtd3
      26   0.001   -44.56179    0.00293                                mtd9
      27   0.001   -44.56179    0.00293                                mtd3
      28   0.001   -44.56179    0.00293                                md3
      29   0.001   -44.56179    0.00293                                mtd3
      30   0.001   -44.56179    0.00293                                md8
      31   0.001   -44.56179    0.00293                                md4
      32   0.001   -44.56179    0.00293                                mtd3
      33   0.001   -44.56179    0.00293                                md1
      34   0.001   -44.56179    0.00293                                mtd3
      35   0.001   -44.56179    0.00293                                md7
      36   0.001   -44.56178    0.00293                                md4
      37   0.001   -44.56178    0.00293                                mtd1
      38   0.001   -44.56178    0.00293                                mtd10
      39   0.001   -44.56178    0.00293                                md4
      40   0.001   -44.56178    0.00293                                md7
      41   0.001   -44.56178    0.00293                                md3
      42   0.001   -44.56178    0.00293                                md1
      43   0.001   -44.56178    0.00293                                mtd3
      44   0.001   -44.56178    0.00293                                md6
      45   0.002   -44.56178    0.00293                                md5
      46   0.002   -44.56178    0.00293                                mtd6
      47   0.002   -44.56178    0.00293                                mtd5
      48   0.002   -44.56178    0.00293                                mtd1
      49   0.002   -44.56178    0.00293                                md4
      50   0.002   -44.56178    0.00293                                mtd12
      51   0.002   -44.56178    0.00293                                mtd9
      52   0.002   -44.56178    0.00293                                md7
      53   0.002   -44.56178    0.00293                                md3
      54   0.002   -44.56178    0.00293                                mtd3
      55   0.002   -44.56178    0.00293                                mtd1
      56   0.002   -44.56178    0.00293                                mtd3
      57   0.002   -44.56178    0.00292                                mtd2
      58   0.002   -44.56178    0.00292                                mtd7
      59   0.002   -44.56178    0.00292                                md8
      60   0.003   -44.56178    0.00292                                md7
      61   0.003   -44.56178    0.00292                                md3
      62   0.003   -44.56178    0.00292                                md5
      63   0.003   -44.56178    0.00292                                mtd1
      64   0.003   -44.56178    0.00292                                md6
      65   0.003   -44.56178    0.00292                                md7
      66   0.003   -44.56178    0.00292                                md5
      67   0.003   -44.56178    0.00292                                mtd1
      68   0.003   -44.56178    0.00292                                mtd2
      69   0.004   -44.56178    0.00292                                mtd3
      70   0.004   -44.56178    0.00292                                mtd6
      71   0.004   -44.56178    0.00292                                md5
      72   0.004   -44.56178    0.00292                                mtd2
      73   0.004   -44.56178    0.00292                                mtd3
      74   0.004   -44.56178    0.00292                                md3
      75   0.004   -44.56178    0.00292                                mtd3
      76   0.004   -44.56178    0.00292                                mtd8
      77   0.004   -44.56178    0.00292                                md5
      78   0.004   -44.56178    0.00292                                md8
      79   0.004   -44.56178    0.00292                                md4
      80   0.004   -44.56178    0.00292                                md1
      81   0.004   -44.56178    0.00291                                mtd9
      82   0.004   -44.56178    0.00291                                mtd8
      83   0.005   -44.56178    0.00291                                mtd6
      84   0.005   -44.56178    0.00291                                mtd3
      85   0.005   -44.56178    0.00291                                mtd1
      86   0.005   -44.56178    0.00291                                md8
      87   0.005   -44.56178    0.00291                                mtd3
      88   0.005   -44.56178    0.00291                                mtd6
      89   0.005   -44.56178    0.00291                                mtd8
      90   0.006   -44.56178    0.00291                                mtd6
      91   0.020   -44.56175    0.00284                                mtd1
      92   0.006   -44.56178    0.00291                                md1
      93   0.006   -44.56178    0.00291                                md8
      94   0.006   -44.56178    0.00291                                md8
      95   0.006   -44.56178    0.00291                                md5
      96   0.007   -44.56178    0.00290                                mtd1
      97   0.008   -44.56177    0.00290                                mtd1
      98   0.008   -44.56177    0.00290                                mtd9
      99   0.008   -44.56177    0.00290                                md2
     100   0.009   -44.56177    0.00289                                md1
     101   0.009   -44.56177    0.00289                                mtd9
     102   0.009   -44.56177    0.00289                                md2
     103   0.010   -44.56177    0.00289                                mtd8
     104   0.011   -44.56177    0.00288                                md1
     105   0.023   -44.56175    0.00283                                md5
     106   0.011   -44.56177    0.00288                                mtd9
     107   0.011   -44.56177    0.00288                                mtd3
     108   0.012   -44.56177    0.00288                                md2
     109   0.023   -44.56175    0.00282                                mtd3
     110   0.033   -44.56173    0.00278                                mtd3
     111   0.015   -44.56176    0.00286                                mtd2
     112   0.016   -44.56176    0.00286    0.01141       2       4     mtd6
     113   0.016   -44.56176    0.00286                                mtd2
     114   0.018   -44.56176    0.00285                                md4
     115   0.019   -44.56176    0.00284                                mtd3
     116   0.198   -44.56147    0.00210    0.08011       3      39     mtd2
     117   0.198   -44.56147    0.00210                                md7
     118   0.198   -44.56147    0.00210                                md8
     119   0.199   -44.56147    0.00210                                mtd2
     120   0.199   -44.56147    0.00210                                mtd7
     121   0.199   -44.56147    0.00210                                md3
     122   0.200   -44.56147    0.00210                                mtd6
     123   0.200   -44.56147    0.00210                                mtd3
     124   0.200   -44.56147    0.00210                                mtd8
     125   0.200   -44.56147    0.00209                                md4
     126   0.201   -44.56147    0.00209                                md3
     127   0.202   -44.56147    0.00209                                mtd9
     128   0.203   -44.56146    0.00209                                mtd3
     129   0.203   -44.56146    0.00209                                mtd8
     130   0.203   -44.56146    0.00209                                md7
     131   0.204   -44.56146    0.00208                                md3
     132   0.204   -44.56146    0.00208                                mtd9
     133   0.205   -44.56146    0.00208                                md1
     134   0.206   -44.56146    0.00207                                mtd3
     135   0.207   -44.56146    0.00207                                md1
     136   0.210   -44.56145    0.00206                                md4
     137   0.214   -44.56145    0.00205                                mtd9
     138   0.215   -44.56144    0.00205                                md2
     139   0.215   -44.56144    0.00204                                mtd9
     140   0.226   -44.56143    0.00200                                md8
     141   0.217   -44.56144    0.00204                                mtd11
     142   0.219   -44.56144    0.00203                                mtd12
     143   0.226   -44.56143    0.00200                                mtd6
     144   0.228   -44.56142    0.00200                                md3
     145   0.228   -44.56142    0.00200                                mtd1
     146   0.228   -44.56142    0.00200                                md5
     147   0.226   -44.56143    0.00200                                mtd8
     148   0.229   -44.56142    0.00200                                md3
     149   0.229   -44.56142    0.00200                                md1
     150   0.220   -44.56144    0.00203                                mtd3
     151   0.229   -44.56142    0.00200                                mtd3
     152   0.223   -44.56143    0.00202                                md3
     153   0.229   -44.56142    0.00199                                mtd12
     154   0.229   -44.56142    0.00199                                mtd9
     155   0.230   -44.56142    0.00199    0.01594       4       8     md2
     156   0.231   -44.56142    0.00199                                mtd6
     157   0.232   -44.56142    0.00199                                mtd1
     158   0.232   -44.56142    0.00199                                md2
     159   0.232   -44.56142    0.00199                                mtd1
     160   0.232   -44.56142    0.00198                                mtd9
     161   0.227   -44.56143    0.00200                                md1
     162   0.223   -44.56143    0.00202                                md1
     163   0.232   -44.56142    0.00198    0.05158       5      26     mtd2
     164   0.227   -44.56143    0.00200                                mtd12
     165   0.223   -44.56143    0.00201                                md7
     166   0.234   -44.56141    0.00198                                mtd8
     167   0.235   -44.56141    0.00198                                mtd3
     168   0.224   -44.56143    0.00201                                mtd7
     169   0.224   -44.56143    0.00201                                md1
     170   0.236   -44.56141    0.00197                                md2
     171   0.237   -44.56141    0.00197                                mtd6
     172   0.239   -44.56141    0.00196                                mtd3
     173   0.224   -44.56143    0.00201                                mtd14
     174   0.224   -44.56143    0.00201                                md2
     175   0.225   -44.56143    0.00201                                mtd3
     176   0.225   -44.56143    0.00201                                mtd12
     177   0.226   -44.56143    0.00201                                mtd11
     178   0.242   -44.56140    0.00195                                mtd6
     179   0.226   -44.56143    0.00201                                mtd12
     180   0.226   -44.56143    0.00201                                md3
     181   0.242   -44.56140    0.00195                                mtd4
     182   0.243   -44.56140    0.00195                                mtd3
     183   0.245   -44.56140    0.00194                                mtd2
     184   0.227   -44.56142    0.00200                                mtd6
     185   0.259   -44.56137    0.00190                                mtd1
     186   0.248   -44.56139    0.00193                                mtd5
     187   0.228   -44.56142    0.00200                                md7
     188   0.228   -44.56142    0.00200                                md2
     189   0.250   -44.56139    0.00193    0.00193       6       1     mtd6
     190   0.269   -44.56136    0.00187    0.00547       7       3     mtd8
     191   0.278   -44.56134    0.00184                                md2
     192   0.300   -44.56131    0.00177                                mtd4
     193   0.324   -44.56127    0.00170    0.00507       8       3     mtd8
     194   0.327   -44.56127    0.00169                                md4
     195   0.333   -44.56126    0.00167                                mtd6
     196   0.334   -44.56125    0.00167    0.00502       9       3     mtd6
     197   0.332   -44.56126    0.00168                                mtd10
     198   0.335   -44.56125    0.00167                                mtd6
     199   0.404   -44.56114    0.00149    0.07659      10      52     mtd6
     200   0.404   -44.56114    0.00149                                md1
     201   0.404   -44.56114    0.00149                                mtd7
     202   0.404   -44.56114    0.00149                                mtd8
     203   0.404   -44.56114    0.00149                                mtd12
     204   0.404   -44.56114    0.00148                                mtd3
     205   0.404   -44.56114    0.00148                                md1
     206   0.404   -44.56114    0.00148                                mtd3
     207   0.404   -44.56114    0.00148                                mtd3
     208   0.404   -44.56114    0.00148                                mtd7
     209   0.404   -44.56114    0.00148                                mtd3
     210   0.405   -44.56114    0.00148                                mtd6
     211   0.405   -44.56114    0.00148                                mtd11
     212   0.405   -44.56114    0.00148                                md1
     213   0.405   -44.56114    0.00148                                mtd3
     214   0.405   -44.56114    0.00148                                mtd7
     215   0.405   -44.56114    0.00148                                md4
     216   0.406   -44.56114    0.00148                                mtd9
     217   0.406   -44.56114    0.00148                                md4
     218   0.406   -44.56114    0.00148                                md4
     219   0.406   -44.56114    0.00148                                mtd6
     220   0.406   -44.56114    0.00148                                mtd3
     221   0.407   -44.56114    0.00148                                mtd12
     222   0.407   -44.56114    0.00148                                mtd7
     223   0.407   -44.56114    0.00148                                md2
     224   0.407   -44.56114    0.00148                                md3
     225   0.407   -44.56114    0.00148                                mtd2
     226   0.407   -44.56114    0.00148                                mtd12
     227   0.407   -44.56114    0.00148                                mtd3
     228   0.408   -44.56114    0.00148                                md3
     229   0.408   -44.56114    0.00148                                mtd2
     230   0.409   -44.56114    0.00147                                mtd12
     231   0.409   -44.56113    0.00147                                mtd6
     232   0.409   -44.56113    0.00147                                mtd3
     233   0.411   -44.56113    0.00147                                mtd8
     234   0.412   -44.56113    0.00147                                mtd2
     235   0.412   -44.56113    0.00147                                mtd5
     236   0.413   -44.56113    0.00146                                md1
     237   0.413   -44.56113    0.00146                                mtd2
     238   0.413   -44.56113    0.00146                                md5
     239   0.414   -44.56113    0.00146                                mtd6
     240   0.414   -44.56113    0.00146                                md3
     241   0.414   -44.56113    0.00146                                mtd7
     242   0.415   -44.56112    0.00146                                mtd12
     243   0.416   -44.56112    0.00146                                md8
     244   0.416   -44.56112    0.00146                                mtd7
     245   0.417   -44.56112    0.00145                                mtd12
     246   0.417   -44.56112    0.00145                                mtd7
     247   0.418   -44.56112    0.00145                                mtd12
     248   0.419   -44.56112    0.00145                                mtd7
     249   0.420   -44.56112    0.00145                                md4
     250   0.423   -44.56111    0.00144                                md4
     251   0.480   -44.56102    0.00131    0.10471      11      81     mtd3
     252   0.480   -44.56102    0.00131                                mtd6
     253   0.480   -44.56102    0.00131                                md2
     254   0.480   -44.56102    0.00131                                mtd6
     255   0.480   -44.56102    0.00131                                md5
     256   0.480   -44.56102    0.00131                                md1
     257   0.480   -44.56102    0.00131                                mtd9
     258   0.480   -44.56102    0.00131                                mtd4
     259   0.480   -44.56102    0.00131                                md7
     260   0.480   -44.56102    0.00131                                md8
     261   0.480   -44.56102    0.00131                                md6
     262   0.480   -44.56102    0.00131                                mtd1
     263   0.480   -44.56102    0.00131                                md8
     264   0.480   -44.56102    0.00131                                md1
     265   0.480   -44.56102    0.00131                                mtd8
     266   0.480   -44.56102    0.00131                                md5
     267   0.480   -44.56102    0.00131                                mtd3
     268   0.480   -44.56102    0.00131                                mtd2
     269   0.481   -44.56102    0.00131                                md6
     270   0.481   -44.56102    0.00131                                md6
     271   0.481   -44.56102    0.00131                                md5
     272   0.481   -44.56102    0.00131                                mtd1
     273   0.481   -44.56102    0.00131                                md2
     274   0.481   -44.56102    0.00130                                md8
     275   0.481   -44.56102    0.00130                                mtd3
     276   0.481   -44.56102    0.00130                                md8
     277   0.481   -44.56102    0.00130                                mtd12
     278   0.482   -44.56102    0.00130                                mtd3
     279   0.482   -44.56102    0.00130                                mtd5
     280   0.482   -44.56102    0.00130                                mtd4
     281   0.482   -44.56102    0.00130                                md7
     282   0.482   -44.56102    0.00130                                mtd11
     283   0.482   -44.56102    0.00130                                md3
     284   0.483   -44.56102    0.00130                                mtd3
     285   0.483   -44.56102    0.00130                                md8
     286   0.483   -44.56102    0.00130                                md1
     287   0.483   -44.56102    0.00130                                mtd12
     288   0.483   -44.56102    0.00130                                mtd6
     289   0.483   -44.56102    0.00130                                mtd4
     290   0.483   -44.56102    0.00130                                md3
     291   0.484   -44.56102    0.00130                                mtd5
     292   0.484   -44.56102    0.00130                                md2
     293   0.484   -44.56102    0.00130                                mtd14
     294   0.508   -44.56098    0.00125                                mtd2
     295   0.484   -44.56101    0.00130                                md5
     296   0.484   -44.56101    0.00130                                md6
     297   0.485   -44.56101    0.00130                                mtd2
     298   0.485   -44.56101    0.00130                                mtd4
     299   0.485   -44.56101    0.00130                                md8
     300   0.485   -44.56101    0.00130                                mtd3
     301   0.486   -44.56101    0.00129                                mtd6
     302   0.486   -44.56101    0.00129                                md8
     303   0.486   -44.56101    0.00129                                md6
     304   0.486   -44.56101    0.00129                                md8
     305   0.486   -44.56101    0.00129                                mtd6
     306   0.487   -44.56101    0.00129                                mtd3
     307   0.487   -44.56101    0.00129                                mtd6
     308   0.488   -44.56101    0.00129                                mtd3
     309   0.488   -44.56101    0.00129                                mtd2
     310   0.488   -44.56101    0.00129                                mtd12
     311   0.488   -44.56101    0.00129                                md3
     312   0.488   -44.56101    0.00129                                mtd9
     313   0.489   -44.56101    0.00129                                md3
     314   0.489   -44.56101    0.00129                                mtd12
     315   0.490   -44.56100    0.00128                                md2
     316   0.491   -44.56100    0.00128                                md6
     317   0.492   -44.56100    0.00128                                md6
     318   0.492   -44.56100    0.00128                                md2
     319   0.492   -44.56100    0.00128                                mtd6
     320   0.493   -44.56100    0.00128                                mtd6
     321   0.493   -44.56100    0.00128                                mtd11
     322   0.495   -44.56100    0.00127                                mtd2
     323   0.495   -44.56100    0.00127                                mtd8
     324   0.496   -44.56100    0.00127                                mtd7
     325   0.500   -44.56099    0.00126                                mtd6
     326   0.502   -44.56099    0.00126                                md2
     327   0.510   -44.56097    0.00124                                mtd2
     328   0.510   -44.56097    0.00124                                md3
     329   0.511   -44.56097    0.00124                                md6
     330   0.511   -44.56097    0.00124                                md2
     331   0.511   -44.56097    0.00124                                mtd1
     332   0.512   -44.56097    0.00124    0.02584      12      21     mtd1
     333   0.513   -44.56097    0.00124                                mtd2
     334   0.513   -44.56097    0.00124                                mtd5
     335   0.514   -44.56097    0.00124                                md6
     336   0.514   -44.56097    0.00123                                md2
     337   0.514   -44.56097    0.00123                                mtd3
     338   0.515   -44.56097    0.00123                                md1
     339   0.515   -44.56097    0.00123                                mtd12
     340   0.516   -44.56096    0.00123                                mtd12
     341   0.516   -44.56096    0.00123                                mtd1
     342   0.516   -44.56096    0.00123                                mtd11
     343   0.516   -44.56096    0.00123                                mtd3
     344   0.516   -44.56096    0.00123                                mtd12
     345   0.517   -44.56096    0.00123                                mtd3
     346   0.517   -44.56096    0.00123                                mtd9
     347   0.517   -44.56096    0.00123                                mtd12
     348   0.517   -44.56096    0.00123                                mtd2
     349   0.517   -44.56096    0.00123                                mtd2
     350   0.517   -44.56096    0.00123                                md5
     351   0.518   -44.56096    0.00123                                mtd6
     352   0.520   -44.56096    0.00122                                mtd2
     353   0.518   -44.56096    0.00123    0.00367      13       3     mtd3
     354   0.518   -44.56096    0.00123                                mtd2
     355   0.520   -44.56096    0.00122                                md1
     356   0.518   -44.56096    0.00123    0.04447      14      36     md2
     357   0.518   -44.56096    0.00123                                mtd4
     358   0.518   -44.56096    0.00123                                mtd7
     359   0.518   -44.56096    0.00122                                mtd5
     360   0.519   -44.56096    0.00122                                mtd2
     361   0.519   -44.56096    0.00122                                mtd7
     362   0.519   -44.56096    0.00122                                mtd1
     363   0.520   -44.56096    0.00122                                mtd9
     364   0.520   -44.56096    0.00122                                mtd2
     365   0.520   -44.56096    0.00122                                mtd2
     366   0.520   -44.56096    0.00122                                mtd3
     367   0.521   -44.56096    0.00122                                md2
     368   0.521   -44.56096    0.00122                                md7
     369   0.508   -44.56098    0.00125                                mtd10
     370   0.508   -44.56098    0.00125                                mtd7
     371   0.510   -44.56097    0.00124                                mtd5
     372   0.508   -44.56098    0.00125                                mtd6
     373   0.527   -44.56095    0.00121                                md5
     374   0.508   -44.56098    0.00125                                mtd6
     375   0.503   -44.56099    0.00126                                md2
     376   0.508   -44.56098    0.00125                                md8
     377   0.504   -44.56098    0.00126                                md5
     378   0.508   -44.56098    0.00125                                mtd2
     379   0.508   -44.56098    0.00125                                mtd2
     380   0.523   -44.56095    0.00122                                mtd7
     381   0.508   -44.56098    0.00125                                mtd6
     382   0.508   -44.56098    0.00125                                mtd7
     383   0.504   -44.56098    0.00126                                md2
     384   0.507   -44.56098    0.00125                                md8
     385   0.507   -44.56098    0.00125                                mtd2
     386   0.508   -44.56098    0.00125                                mtd1
     387   0.519   -44.56096    0.00122                                mtd2
     388   0.508   -44.56098    0.00125                                mtd6
     389   0.508   -44.56098    0.00125                                mtd4
     390   0.508   -44.56098    0.00125                                mtd3
     391   0.529   -44.56094    0.00120                                mtd7
     392   0.535   -44.56093    0.00119    0.01101      15       9     md4
     393   0.519   -44.56096    0.00122                                md1
     394   0.507   -44.56098    0.00125                                mtd1
     395   0.532   -44.56094    0.00120                                mtd12
     396   0.509   -44.56098    0.00125                                mtd3
     397   0.545   -44.56092    0.00117                                mtd1
     398   0.509   -44.56098    0.00124                                mtd5
     399   0.509   -44.56098    0.00124                                md2
     400   0.509   -44.56097    0.00124                                md3
     401   0.510   -44.56097    0.00124    0.00373      16       3     mtd1
     402   0.510   -44.56097    0.00124                                mtd1
     403   0.510   -44.56097    0.00124                                md1
     404   0.547   -44.56091    0.00117    0.00239      17       2     mtd8
     405   0.519   -44.56096    0.00122                                md5
     406   0.520   -44.56096    0.00122    0.00466      18       4     mtd3
     407   0.548   -44.56091    0.00117                                md5
     408   0.558   -44.56090    0.00115                                mtd6
     409   0.571   -44.56088    0.00112                                md2
     410   0.559   -44.56090    0.00114    0.00114      19       1     mtd6
     411   0.588   -44.56085    0.00109    0.02050      20      19     mtd8
     412   0.607   -44.56082    0.00105                                mtd3
     413   0.589   -44.56085    0.00109                                mtd9
     414   0.589   -44.56085    0.00109                                mtd3
     415   0.589   -44.56085    0.00109                                mtd11
     416   0.589   -44.56085    0.00109                                mtd9
     417   0.589   -44.56085    0.00109                                mtd6
     418   0.589   -44.56085    0.00109                                md1
     419   0.590   -44.56085    0.00109                                mtd2
     420   0.591   -44.56085    0.00108                                md3
     421   0.593   -44.56084    0.00108                                mtd8
     422   0.593   -44.56084    0.00108                                mtd11
     423   0.594   -44.56084    0.00108                                md5
     424   0.595   -44.56084    0.00108                                md2
     425   0.595   -44.56084    0.00108                                md6
     426   0.597   -44.56084    0.00107                                md2
     427   0.598   -44.56083    0.00107                                mtd9
     428   0.602   -44.56083    0.00106                                md2
     429   0.604   -44.56082    0.00106                                mtd12
     430   0.608   -44.56082    0.00105    0.00105      21       1     md4
     431   0.604   -44.56082    0.00106    0.00210      22       2     md7
     432   0.617   -44.56080    0.00104                                md4
     433   0.648   -44.56075    0.00098    0.00388      23       4     mtd6
     434   0.651   -44.56075    0.00098                                mtd2
     435   0.659   -44.56074    0.00097                                mtd3
     436   0.670   -44.56072    0.00095                                mtd8
     437   0.670   -44.56072    0.00095    0.00190      24       2     md5
     438   0.670   -44.56072    0.00095                                mtd1
     439   0.670   -44.56072    0.00095    0.00284      25       3     mtd12
     440   0.671   -44.56072    0.00095                                mtd3
     441   0.671   -44.56072    0.00095                                md4
     442   0.671   -44.56072    0.00095    0.01231      26      13     md4
     443   0.671   -44.56072    0.00095                                md2
     444   0.672   -44.56072    0.00095                                mtd6
     445   0.655   -44.56074    0.00097                                mtd1
     446   0.672   -44.56072    0.00095                                mtd12
     447   0.672   -44.56072    0.00095                                mtd12
     448   0.673   -44.56071    0.00094                                mtd6
     449   0.674   -44.56071    0.00094                                mtd6
     450   0.674   -44.56071    0.00094                                mtd4
     451   0.657   -44.56074    0.00097                                md1
     452   0.677   -44.56071    0.00094                                mtd2
     453   0.680   -44.56070    0.00093                                md3
     454   0.676   -44.56071    0.00094                                md4
     455   0.683   -44.56070    0.00093    0.00283      27       3     md3
     456   0.677   -44.56071    0.00094                                md2
     457   0.660   -44.56073    0.00096                                md3
     458   0.689   -44.56069    0.00092    0.00550      28       6     mtd6
     459   0.690   -44.56069    0.00092                                mtd11
     460   0.691   -44.56069    0.00092                                md5
     461   0.691   -44.56068    0.00092                                md5
     462   0.691   -44.56068    0.00092                                md5
     463   0.693   -44.56068    0.00091                                mtd8
     464   0.695   -44.56068    0.00091    0.00363      29       4     md7
     465   0.700   -44.56067    0.00090                                mtd7
     466   0.695   -44.56068    0.00091                                mtd3
     467   0.696   -44.56068    0.00091                                mtd6
     468   0.698   -44.56067    0.00090    0.00090      30       1     md5
     469   0.703   -44.56067    0.00090    0.00357      31       4     mtd1
     470   0.709   -44.56066    0.00089                                md8
     471   0.704   -44.56067    0.00090                                mtd12
     472   0.709   -44.56066    0.00089                                mtd13
     473   0.704   -44.56066    0.00090    0.00090      32       1     md1
     474   0.712   -44.56065    0.00088    0.01057      33      12     mtd3
     475   0.713   -44.56065    0.00088                                mtd3
     476   0.713   -44.56065    0.00088                                mtd6
     477   0.713   -44.56065    0.00088                                md6
     478   0.715   -44.56065    0.00088                                mtd6
     479   0.716   -44.56065    0.00088                                mtd6
     480   0.716   -44.56065    0.00088                                mtd3
     481   0.716   -44.56065    0.00088                                mtd8
     482   0.709   -44.56066    0.00089                                md7
     483   0.716   -44.56065    0.00088                                mtd8
     484   0.716   -44.56065    0.00088                                mtd12
     485   0.716   -44.56065    0.00088                                md3
     486   0.717   -44.56064    0.00088    0.01051      34      12     md4
     487   0.716   -44.56065    0.00088                                mtd10
     488   0.708   -44.56066    0.00089                                mtd8
     489   0.716   -44.56065    0.00088                                mtd8
     490   0.717   -44.56064    0.00088                                mtd5
     491   0.718   -44.56064    0.00088                                mtd11
     492   0.718   -44.56064    0.00088                                mtd1
     493   0.717   -44.56064    0.00088                                mtd6
     494   0.720   -44.56064    0.00087                                mtd12
     495   0.720   -44.56064    0.00087                                md8
     496   0.720   -44.56064    0.00087                                md4
     497   0.720   -44.56064    0.00087                                md3
     498   0.720   -44.56064    0.00087    0.00349      35       4     mtd9
     499   0.720   -44.56064    0.00087                                mtd6
     500   0.720   -44.56064    0.00087                                mtd2
     501   0.717   -44.56064    0.00088                                md4
     502   0.716   -44.56065    0.00088    0.00611      36       7     mtd2
     503   0.720   -44.56064    0.00087                                mtd7
     504   0.721   -44.56064    0.00087                                mtd2
     505   0.718   -44.56064    0.00088                                mtd9
     506   0.721   -44.56064    0.00087                                mtd8
     507   0.716   -44.56064    0.00088                                mtd6
     508   0.722   -44.56064    0.00087                                md5
     509   0.722   -44.56064    0.00087    0.00434      37       5     mtd5
     510   0.722   -44.56064    0.00087                                md7
     511   0.722   -44.56064    0.00087                                mtd9
     512   0.723   -44.56063    0.00087                                mtd12
     513   0.723   -44.56063    0.00087                                md4
     514   0.723   -44.56063    0.00087    0.00954      38      11     md2
     515   0.718   -44.56064    0.00087                                mtd6
     516   0.723   -44.56063    0.00087                                mtd2
     517   0.724   -44.56063    0.00087                                mtd2
     518   0.725   -44.56063    0.00087                                mtd6
     519   0.717   -44.56064    0.00088                                md3
     520   0.725   -44.56063    0.00087                                mtd9
     521   0.725   -44.56063    0.00086                                mtd3
     522   0.725   -44.56063    0.00086                                mtd5
     523   0.725   -44.56063    0.00086                                md1
     524   0.727   -44.56063    0.00086                                mtd4
     525   0.727   -44.56063    0.00086    0.03390      39      39     mtd2
     526   0.727   -44.56063    0.00086                                md2
     527   0.728   -44.56063    0.00086                                md5
     528   0.718   -44.56064    0.00088                                mtd8
     529   0.729   -44.56063    0.00086                                mtd9
     530   0.729   -44.56062    0.00086                                mtd7
     531   0.730   -44.56062    0.00086                                mtd10
     532   0.730   -44.56062    0.00086                                mtd12
     533   0.730   -44.56062    0.00086                                mtd2
     534   0.718   -44.56064    0.00087                                md4
     535   0.718   -44.56064    0.00087                                md4
     536   0.718   -44.56064    0.00087                                mtd3
     537   0.718   -44.56064    0.00087                                md4
     538   0.719   -44.56064    0.00087                                mtd1
     539   0.709   -44.56066    0.00089                                md6
     540   0.731   -44.56062    0.00086                                md7
     541   0.719   -44.56064    0.00087                                md4
     542   0.732   -44.56062    0.00086                                md5
     543   0.732   -44.56062    0.00085                                mtd6
     544   0.719   -44.56064    0.00087                                md4
     545   0.719   -44.56064    0.00087                                md8
     546   0.717   -44.56064    0.00088                                md3
     547   0.732   -44.56062    0.00085                                md7
     548   0.716   -44.56064    0.00088                                md6
     549   0.709   -44.56066    0.00089                                mtd6
     550   0.710   -44.56066    0.00089                                mtd3
     551   0.710   -44.56066    0.00089                                md7
     552   0.734   -44.56062    0.00085                                md2
     553   0.717   -44.56064    0.00088                                md6
     554   0.736   -44.56061    0.00085                                mtd1
     555   0.733   -44.56062    0.00085                                md4
     556   0.710   -44.56066    0.00089                                mtd3
     557   0.711   -44.56065    0.00089                                md2
     558   0.711   -44.56065    0.00089                                mtd12
     559   0.711   -44.56065    0.00089                                md6
     560   0.717   -44.56064    0.00088                                mtd12
     561   0.737   -44.56061    0.00085                                mtd11
     562   0.734   -44.56062    0.00085                                md1
     563   0.711   -44.56065    0.00088                                mtd3
     564   0.711   -44.56065    0.00088    0.00176      40       2     md3
     565   0.717   -44.56064    0.00088                                md2
     566   0.738   -44.56061    0.00085    0.00761      41       9     md7
     567   0.739   -44.56061    0.00084                                md3
     568   0.740   -44.56061    0.00084                                mtd3
     569   0.741   -44.56061    0.00084                                md6
     570   0.741   -44.56060    0.00084                                md6
     571   0.742   -44.56060    0.00084                                md8
     572   0.742   -44.56060    0.00084                                mtd3
     573   0.745   -44.56060    0.00084                                md3
     574   0.717   -44.56064    0.00088                                mtd7
     575   0.762   -44.56057    0.00081    0.00233      42       3     mtd9
     576   0.803   -44.56051    0.00076                                mtd8
     577   0.803   -44.56051    0.00076                                md6
     578   0.803   -44.56051    0.00076    0.01508      43      20     mtd1
     579   0.804   -44.56051    0.00076                                mtd3
     580   0.804   -44.56051    0.00076                                md6
     581   0.804   -44.56051    0.00076                                mtd7
     582   0.804   -44.56050    0.00076                                mtd3
     583   0.805   -44.56050    0.00076                                mtd4
     584   0.805   -44.56050    0.00076                                md8
     585   0.805   -44.56050    0.00076                                mtd5
     586   0.805   -44.56050    0.00076                                mtd8
     587   0.805   -44.56050    0.00076                                mtd6
     588   0.806   -44.56050    0.00075                                mtd3
     589   0.802   -44.56051    0.00076                                mtd3
     590   0.807   -44.56050    0.00075                                mtd6
     591   0.809   -44.56050    0.00075                                mtd6
     592   0.809   -44.56050    0.00075                                mtd2
     593   0.810   -44.56050    0.00075                                mtd2
     594   0.816   -44.56049    0.00074                                mtd7
     595   0.811   -44.56049    0.00075                                md6
     596   0.802   -44.56051    0.00076                                mtd5
     597   0.811   -44.56049    0.00075                                mtd7
     598   0.813   -44.56049    0.00075    0.00148      44       2     md6
     599   0.820   -44.56048    0.00074                                md6
     600   0.816   -44.56049    0.00074    0.00220      45       3     md8
     601   0.820   -44.56048    0.00074                                mtd6
     602   0.832   -44.56046    0.00072                                mtd5
     603   0.867   -44.56040    0.00068    0.00068      46       1     mtd6
     604   0.878   -44.56039    0.00067    0.00133      47       2     mtd1
     605   0.881   -44.56038    0.00066                                mtd3
     606   0.883   -44.56038    0.00066    0.00066      48       1     mtd5
     607   0.903   -44.56035    0.00064    0.00190      49       3     mtd4
     608   0.911   -44.56033    0.00063                                md2
     609   0.914   -44.56033    0.00063                                md8
     610   0.914   -44.56033    0.00063    0.00311      50       5     mtd2
     611   0.916   -44.56033    0.00063                                md2
     612   0.919   -44.56032    0.00062                                mtd2
     613   0.920   -44.56032    0.00062                                mtd12
     614   0.929   -44.56031    0.00061                                md2
     615   0.929   -44.56031    0.00061    0.00183      51       3     mtd7
     616   0.929   -44.56031    0.00061                                mtd3
     617   0.935   -44.56030    0.00061                                mtd4
     618   0.958   -44.56026    0.00058    0.00058      52       1     mtd2
     619   0.989   -44.56021    0.00055    0.00055      53       1     mtd6
     620   0.997   -44.56020    0.00055    0.00162      54       3     mtd2
     621   1.005   -44.56019    0.00054                                mtd6
     622   1.008   -44.56018    0.00054                                mtd6
     623   1.011   -44.56018    0.00053    0.00375      55       7     mtd2
     624   1.008   -44.56018    0.00054                                mtd5
     625   1.008   -44.56018    0.00054                                mtd8
     626   1.008   -44.56018    0.00054                                mtd1
     627   1.009   -44.56018    0.00054                                mtd6
     628   1.009   -44.56018    0.00054                                mtd9
     629   1.007   -44.56018    0.00054                                mtd2
     630   1.010   -44.56018    0.00053    0.00211      56       4     mtd6
     631   1.032   -44.56014    0.00051                                md3
     632   1.012   -44.56017    0.00053                                mtd6
     633   1.017   -44.56017    0.00053                                mtd5
     634   1.053   -44.56011    0.00050    0.00050      57       1     md1
     635   1.020   -44.56016    0.00053    0.00053      58       1     md8
     636   1.053   -44.56011    0.00050    0.00099      59       2     mtd12
     637   1.061   -44.56010    0.00049                                mtd6
     638   1.147   -44.55996    0.00042    0.00970      60      23     md4
     639   1.147   -44.55996    0.00042                                mtd12
     640   1.147   -44.55996    0.00042                                md4
     641   1.147   -44.55996    0.00042                                md6
     642   1.148   -44.55996    0.00042                                mtd2
     643   1.149   -44.55996    0.00042                                md2
     644   1.149   -44.55996    0.00042                                mtd3
     645   1.149   -44.55996    0.00042                                md6
     646   1.149   -44.55996    0.00042                                mtd2
     647   1.149   -44.55996    0.00042                                md8
     648   1.149   -44.55996    0.00042                                mtd6
     649   1.150   -44.55995    0.00042                                md3
     650   1.150   -44.55995    0.00042                                md8
     651   1.150   -44.55995    0.00042                                md6
     652   1.150   -44.55995    0.00042                                mtd8
     653   1.150   -44.55995    0.00042                                md4
     654   1.151   -44.55995    0.00042                                md4
     655   1.151   -44.55995    0.00042                                md6
     656   1.153   -44.55995    0.00042                                mtd10
     657   1.154   -44.55995    0.00042                                mtd9
     658   1.155   -44.55995    0.00042                                mtd8
     659   1.155   -44.55995    0.00042                                mtd11
     660   1.169   -44.55992    0.00041                                mtd3
     661   1.158   -44.55994    0.00042    0.00042      61       1     mtd6
     662   1.258   -44.55978    0.00035    0.00140      62       4     md4
     663   1.260   -44.55978    0.00035                                mtd5
     664   1.261   -44.55978    0.00035                                mtd2
     665   1.259   -44.55978    0.00035                                md4
     666   1.262   -44.55978    0.00035    0.00245      63       7     md8
     667   1.262   -44.55978    0.00035                                mtd6
     668   1.264   -44.55977    0.00035                                mtd2
     669   1.262   -44.55978    0.00035                                md8
     670   1.259   -44.55978    0.00035                                mtd2
     671   1.262   -44.55977    0.00035                                mtd8
     672   1.264   -44.55977    0.00035                                mtd12
     673   1.260   -44.55978    0.00035    0.00245      64       7     mtd2
     674   1.260   -44.55978    0.00035                                mtd6
     675   1.259   -44.55978    0.00035                                md1
     676   1.260   -44.55978    0.00035                                mtd12
     677   1.260   -44.55978    0.00035                                md8
     678   1.265   -44.55977    0.00035                                mtd12
     679   1.263   -44.55977    0.00035                                mtd6
     680   1.264   -44.55977    0.00035    0.00105      65       3     mtd6
     681   1.260   -44.55978    0.00035                                mtd2
     682   1.261   -44.55978    0.00035                                mtd7
     683   1.265   -44.55977    0.00035    0.00104      66       3     mtd5
     684   1.265   -44.55977    0.00035                                mtd6
     685   1.269   -44.55976    0.00035                                md1
     686   1.271   -44.55976    0.00034    0.00170      67       5     mtd6
     687   1.272   -44.55976    0.00034                                mtd7
     688   1.275   -44.55975    0.00034                                md8
     689   1.284   -44.55974    0.00034                                mtd7
     690   1.289   -44.55973    0.00033                                mtd3
     691   1.291   -44.55973    0.00033    0.00065      68       2     mtd12
     692   1.316   -44.55969    0.00032                                md2
     693   1.288   -44.55973    0.00033    0.00033      69       1     mtd8
     694   1.376   -44.55959    0.00029    0.00085      70       3     md8
     695   1.383   -44.55958    0.00029                                md4
     696   1.402   -44.55955    0.00028                                md4
     697   1.411   -44.55954    0.00027    0.00380      71      14     md6
     698   1.411   -44.55954    0.00027                                mtd2
     699   1.411   -44.55954    0.00027                                mtd2
     700   1.411   -44.55954    0.00027                                mtd7
     701   1.412   -44.55954    0.00027                                mtd6
     702   1.412   -44.55954    0.00027                                mtd2
     703   1.412   -44.55954    0.00027                                md6
     704   1.413   -44.55954    0.00027                                mtd2
     705   1.413   -44.55954    0.00027                                mtd2
     706   1.413   -44.55954    0.00027                                mtd2
     707   1.413   -44.55953    0.00027                                mtd6
     708   1.414   -44.55953    0.00027                                mtd4
     709   1.416   -44.55953    0.00027                                md6
     710   1.417   -44.55953    0.00027                                mtd2
     711   1.442   -44.55949    0.00026    0.00026      72       1     mtd7
     712   1.503   -44.55939    0.00023    0.00070      73       3     mtd11
     713   1.504   -44.55939    0.00023                                mtd2
     714   1.508   -44.55938    0.00023                                md1
     715   1.553   -44.55931    0.00021    0.00149      74       7     mtd2
     716   1.554   -44.55931    0.00021                                mtd1
     717   1.554   -44.55931    0.00021                                mtd5
     718   1.555   -44.55931    0.00021                                mtd2
     719   1.557   -44.55931    0.00021                                mtd5
     720   1.556   -44.55931    0.00021                                md3
     721   1.556   -44.55931    0.00021                                mtd6
     722   1.556   -44.55931    0.00021    0.00021      75       1     md3
     723   1.587   -44.55926    0.00020    0.00020      76       1     mtd6
     724   1.731   -44.55903    0.00016    0.00032      77       2     mtd6
     725   1.732   -44.55903    0.00016                                mtd2
     726   1.740   -44.55901    0.00016    0.00031      78       2     mtd2
     727   1.740   -44.55901    0.00016                                mtd11
     728   1.750   -44.55900    0.00015    0.00031      79       2     mtd2
     729   1.750   -44.55900    0.00015                                mtd3
     730   1.886   -44.55878    0.00012    0.00036      80       3     mtd3
     731   1.893   -44.55877    0.00012                                mtd5
     732   1.894   -44.55877    0.00012                                mtd2
     733   1.933   -44.55871    0.00011    0.00011      81       1     mtd8
     734   1.934   -44.55871    0.00011    0.00034      82       3     mtd1
     735   1.938   -44.55870    0.00011                                mtd2
     736   1.939   -44.55870    0.00011                                mtd1
T /K                                  :   298.15
E lowest                              :   -44.56179
ensemble average energy (kcal)        :    0.352
ensemble entropy (J/mol K, cal/mol K) :   53.408   12.765
ensemble free energy (kcal/mol)       :   -3.806
population of lowest in %             :   32.381
 number of unique conformers for further calc           82
 list of relative energies saved as "crest.energies"
 
 -----------------
 Wall Time Summary
 -----------------
             test MD wall time :         0h : 0m : 5s
                 MTD wall time :         0h : 2m : 3s
      multilevel OPT wall time :         0h : 2m :50s
                  MD wall time :         0h : 1m :51s
                  GC wall time :         0h : 0m : 1s
--------------------
Overall wall time  : 0h : 7m :26s
 
 CREST terminated normally.
'biome_chr.job' -> '/csnfs/users/schiavo/NewScans/Conf_search/Bi/Chair/OMe/biome_chr.job'
'biome_chr.xyz' -> '/csnfs/users/schiavo/NewScans/Conf_search/Bi/Chair/OMe/biome_chr.xyz'
'coord' -> '/csnfs/users/schiavo/NewScans/Conf_search/Bi/Chair/OMe/coord'
'coord.original' -> '/csnfs/users/schiavo/NewScans/Conf_search/Bi/Chair/OMe/coord.original'
'cre_members' -> '/csnfs/users/schiavo/NewScans/Conf_search/Bi/Chair/OMe/cre_members'
'crest.energies' -> '/csnfs/users/schiavo/NewScans/Conf_search/Bi/Chair/OMe/crest.energies'
'crest_best.xyz' -> '/csnfs/users/schiavo/NewScans/Conf_search/Bi/Chair/OMe/crest_best.xyz'
'crest_conformers.xyz' -> '/csnfs/users/schiavo/NewScans/Conf_search/Bi/Chair/OMe/crest_conformers.xyz'
'crest_rotamers.xyz' -> '/csnfs/users/schiavo/NewScans/Conf_search/Bi/Chair/OMe/crest_rotamers.xyz'
'gfnff_topo' -> '/csnfs/users/schiavo/NewScans/Conf_search/Bi/Chair/OMe/gfnff_topo'
'struc.xyz' -> '/csnfs/users/schiavo/NewScans/Conf_search/Bi/Chair/OMe/struc.xyz'
'wbo' -> '/csnfs/users/schiavo/NewScans/Conf_search/Bi/Chair/OMe/wbo'
